2025-06-10 10:58:14,010 - INFO - Fold 1/5
2025-06-10 11:10:11,216 - INFO - Fold 1/5
2025-06-10 11:11:30,291 - INFO - Fold 1/5
2025-06-10 11:12:36,625 - INFO - Fold 1/5
2025-06-10 11:12:39,151 - INFO - Epoch:0 ; Train Loss:40.5842 ; Val Loss:20.4404

2025-06-10 11:12:49,699 - INFO - Epoch:10 ; Train Loss:8.3796 ; Val Loss:4.2221

2025-06-10 11:13:02,572 - INFO - Epoch:20 ; Train Loss:5.4191 ; Val Loss:2.6329

2025-06-10 11:18:35,664 - INFO - Fold 1/5
2025-06-10 11:18:38,233 - INFO - Epoch:0 ; Train Loss:39.6171 ; Val Loss:20.4855

2025-06-10 11:19:00,930 - INFO - Epoch:10 ; Train Loss:8.4133 ; Val Loss:4.2837

2025-06-10 11:19:45,452 - INFO - Epoch:20 ; Train Loss:5.5244 ; Val Loss:2.7249

2025-06-10 11:23:47,185 - INFO - Fold 1/5
2025-06-10 11:23:49,587 - INFO - Epoch:0 ; Train Loss:39.5802 ; Val Loss:20.9543

2025-06-10 11:24:01,170 - INFO - Epoch:10 ; Train Loss:8.5960 ; Val Loss:4.4645

2025-06-10 11:24:13,281 - INFO - Epoch:20 ; Train Loss:5.5728 ; Val Loss:2.7716

2025-06-10 11:26:41,987 - INFO - Fold 1/5
2025-06-10 11:26:44,821 - INFO - Epoch:0 ; Train Loss:42.6147 ; Val Loss:25.4396

2025-06-10 11:27:13,250 - INFO - Epoch:10 ; Train Loss:9.5057 ; Val Loss:5.4047

2025-06-10 11:27:24,951 - INFO - Epoch:20 ; Train Loss:6.0942 ; Val Loss:3.2595

2025-06-10 11:27:35,733 - INFO - Learning rate: 0.003
The Average MSE: 2.4500 m^2
The Average MISDist: 0.2549 m
2025-06-10 11:27:36,236 - INFO - --------------Fold 1 Evaluating: mse: 2.4500 mis: 0.2549--------------
2025-06-10 11:27:36,237 - INFO - Fold 2/5
2025-06-10 11:27:37,596 - INFO - Epoch:0 ; Train Loss:36.1874 ; Val Loss:20.1365

2025-06-10 11:27:49,658 - INFO - Epoch:10 ; Train Loss:8.1233 ; Val Loss:4.7098

2025-06-10 11:28:02,233 - INFO - Epoch:20 ; Train Loss:5.2708 ; Val Loss:2.9000

2025-06-10 11:28:13,408 - INFO - Learning rate: 0.003
The Average MSE: 4.3500 m^2
The Average MISDist: 0.3336 m
2025-06-10 11:28:13,934 - INFO - --------------Fold 2 Evaluating: mse: 4.3500 mis: 0.3336--------------
2025-06-10 11:28:13,934 - INFO - Fold 3/5
2025-06-10 11:28:15,229 - INFO - Epoch:0 ; Train Loss:40.6820 ; Val Loss:22.9570

2025-06-10 11:28:26,824 - INFO - Epoch:10 ; Train Loss:8.7568 ; Val Loss:4.7840

2025-06-10 11:28:38,189 - INFO - Epoch:20 ; Train Loss:5.6643 ; Val Loss:2.9748

2025-06-10 11:28:48,640 - INFO - Learning rate: 0.003
The Average MSE: 2.7078 m^2
The Average MISDist: 0.2683 m
2025-06-10 11:28:49,040 - INFO - --------------Fold 3 Evaluating: mse: 2.7078 mis: 0.2683--------------
2025-06-10 11:28:49,041 - INFO - Fold 4/5
2025-06-10 11:28:50,420 - INFO - Epoch:0 ; Train Loss:38.2685 ; Val Loss:20.2005

2025-06-10 11:29:03,158 - INFO - Epoch:10 ; Train Loss:8.2776 ; Val Loss:4.3723

2025-06-10 11:29:14,953 - INFO - Epoch:20 ; Train Loss:5.3922 ; Val Loss:2.7577

2025-06-10 11:29:25,772 - INFO - Learning rate: 0.003
The Average MSE: 3.4885 m^2
The Average MISDist: 0.3087 m
2025-06-10 11:29:26,093 - INFO - --------------Fold 4 Evaluating: mse: 3.4885 mis: 0.3087--------------
2025-06-10 11:29:26,093 - INFO - Fold 5/5
2025-06-10 11:29:27,278 - INFO - Epoch:0 ; Train Loss:39.0962 ; Val Loss:21.3400

2025-06-10 11:29:38,876 - INFO - Epoch:10 ; Train Loss:8.3832 ; Val Loss:4.5271

2025-06-10 11:29:50,366 - INFO - Epoch:20 ; Train Loss:5.4855 ; Val Loss:2.7819

2025-06-10 11:30:01,669 - INFO - Learning rate: 0.003
The Average MSE: 2.3313 m^2
The Average MISDist: 0.2528 m
2025-06-10 11:30:02,260 - INFO - --------------Fold 5 Evaluating: mse: 2.3313 mis: 0.2528--------------
2025-06-10 11:30:02,261 - INFO - Feature_MTL Training Results; Learning rate: 0.003
The Average MSE: 3.0655 m^2
The Average MISDist: 0.2837 m
