2025-06-10 15:56:03,774 - INFO - Fold 1/5
2025-06-10 15:57:18,594 - INFO - Fold 1/5
2025-06-10 15:57:25,397 - INFO - Epoch:0 ; Train Loss:9.9797 ; Val Loss:3.7301

2025-06-10 15:58:22,355 - INFO - Epoch:10 ; Train Loss:3.4478 ; Val Loss:2.7369

2025-06-10 15:58:34,590 - INFO - EarlyStopping!
2025-06-10 15:58:36,285 - INFO - Learning rate: 0.003
The Average MSE: 10.5755 m^2
The Average MISDist: 0.5087 m
2025-06-10 15:58:36,601 - INFO - --------------Fold 1 Evaluating: mse: 10.5755 mis: 0.5087--------------
2025-06-10 15:58:36,601 - INFO - Fold 2/5
2025-06-10 15:58:40,616 - INFO - Epoch:0 ; Train Loss:10.4728 ; Val Loss:2.5009

2025-06-10 15:59:20,974 - INFO - Epoch:10 ; Train Loss:3.5401 ; Val Loss:2.1826

2025-06-10 15:59:45,421 - INFO - EarlyStopping!
2025-06-10 15:59:45,672 - INFO - Learning rate: 0.003
The Average MSE: 10.3084 m^2
The Average MISDist: 0.5080 m
2025-06-10 15:59:45,964 - INFO - --------------Fold 2 Evaluating: mse: 10.3084 mis: 0.5080--------------
2025-06-10 15:59:45,964 - INFO - Fold 3/5
2025-06-10 15:59:50,067 - INFO - Epoch:0 ; Train Loss:9.2900 ; Val Loss:4.4201

2025-06-10 16:00:33,823 - INFO - Epoch:10 ; Train Loss:3.3566 ; Val Loss:2.3018

2025-06-10 16:01:10,505 - INFO - Epoch:20 ; Train Loss:2.6736 ; Val Loss:2.1208

2025-06-10 16:01:43,397 - INFO - Learning rate: 0.003
The Average MSE: 9.1265 m^2
The Average MISDist: 0.4782 m
2025-06-10 16:01:43,804 - INFO - --------------Fold 3 Evaluating: mse: 9.1265 mis: 0.4782--------------
2025-06-10 16:01:43,804 - INFO - Fold 4/5
2025-06-10 16:01:47,532 - INFO - Epoch:0 ; Train Loss:9.8875 ; Val Loss:2.3504

2025-06-10 16:02:12,885 - INFO - EarlyStopping!
2025-06-10 16:02:13,134 - INFO - Learning rate: 0.003
The Average MSE: 8.1799 m^2
The Average MISDist: 0.4318 m
2025-06-10 16:02:13,428 - INFO - --------------Fold 4 Evaluating: mse: 8.1799 mis: 0.4318--------------
2025-06-10 16:02:13,428 - INFO - Fold 5/5
2025-06-10 16:02:17,025 - INFO - Epoch:0 ; Train Loss:10.5613 ; Val Loss:2.7969

2025-06-10 16:02:39,040 - INFO - EarlyStopping!
2025-06-10 16:02:39,295 - INFO - Learning rate: 0.003
The Average MSE: 6.0482 m^2
The Average MISDist: 0.4058 m
2025-06-10 16:02:39,587 - INFO - --------------Fold 5 Evaluating: mse: 6.0482 mis: 0.4058--------------
